<?xml version="1.0" encoding="UTF-8"?>
<!-- Generated by org.testng.reporters.JUnitReportReporter -->
<testsuite hostname="personalpc" name="example.NewTest" tests="1" failures="0" timestamp="31 Mar 2018 07:26:21 GMT" time="10.105" errors="0">
  <testcase name="testEasy" time="10.105" classname="example.NewTest"/>
</testsuite> <!-- example.NewTest -->
